<?xml version="1.0" encoding="UTF-8"?>
<!-- Generated by org.testng.reporters.JUnitReportReporter -->
<testsuite skipped="0" hostname="DESKTOP-KV1TCAF" name="frameworkTechLead.Framework" tests="1" failures="0" timestamp="2022-08-13T08:42:03 CDT" time="4.313" errors="0">
  <testcase name="init" time="4.313" classname="frameworkTechLead.Framework"/>
  <system-out/>
</testsuite> <!-- frameworkTechLead.Framework -->
